<?xml version="1.0" encoding="UTF-8"?>
<testng-results ignored="0" total="1" passed="1" failed="0" skipped="0">
  <reporter-output>
  </reporter-output>
  <suite started-at="2022-12-28T20:45:40 IST" name="Default suite" finished-at="2022-12-28T20:46:40 IST" duration-ms="60496">
    <groups>
    </groups>
    <test started-at="2022-12-28T20:45:40 IST" name="Default test" finished-at="2022-12-28T20:46:40 IST" duration-ms="60496">
      <class name="seleniumGrid.GridExample">
        <test-method signature="gridDemo()[pri:0, instance:seleniumGrid.GridExample@124c278f]" started-at="2022-12-28T20:45:40 IST" name="gridDemo" finished-at="2022-12-28T20:46:40 IST" duration-ms="60446" status="PASS">
          <reporter-output>
          </reporter-output>
        </test-method> <!-- gridDemo -->
      </class> <!-- seleniumGrid.GridExample -->
    </test> <!-- Default test -->
  </suite> <!-- Default suite -->
</testng-results>
